<?xml version="1.0" encoding="UTF-8"?>
<testsuite xmlns:xsi="http://www.w3.org/2001/XMLSchema-instance" xsi:noNamespaceSchemaLocation="https://maven.apache.org/surefire/maven-surefire-plugin/xsd/surefire-test-report.xsd" version="3.0.2" name="com.sudo.BillingApplicationTests" time="5.987" tests="1" errors="0" skipped="0" failures="0">
  <properties>
[...]
</properties>
  <testcase name="contextLoads" classname="com.sudo.BillingApplicationTests" time="0.851">
    <system-out><![CDATA[12:59:01.198 [main] INFO org.springframework.test.context.support.AnnotationConfigContextLoaderUtils -- Could not detect default configuration classes for test class [com.sudo.BillingApplicationTests]: BillingApplicationTests does not declare any static, non-private, non-final, nested classes annotated with @Configuration.
12:59:01.333 [main] INFO org.springframework.boot.test.context.SpringBootTestContextBootstrapper -- Found @SpringBootConfiguration com.sudo.BillingApplication for test class com.sudo.BillingApplicationTests
12:59:01.478 [main] INFO org.springframework.boot.devtools.restart.RestartApplicationListener -- Restart disabled due to context in which it is running
.______    __   __       __       __  .__   __.   _______         ___      .______   .______    __       __    ______      ___      .___________. __    ______   .__   __. 
|   _  \  |  | |  |     |  |     |  | |  \ |  |  /  _____|       /   \     |   _  \  |   _  \  |  |     |  |  /      |    /   \     |           ||  |  /  __  \  |  \ |  | 
|  |_)  | |  | |  |     |  |     |  | |   \|  | |  |  __        /  ^  \    |  |_)  | |  |_)  | |  |     |  | |  ,----'   /  ^  \    `---|  |----`|  | |  |  |  | |   \|  | 
|   _  <  |  | |  |     |  |     |  | |  . `  | |  | |_ |      /  /_\  \   |   ___/  |   ___/  |  |     |  | |  |       /  /_\  \       |  |     |  | |  |  |  | |  . `  | 
|  |_)  | |  | |  `----.|  `----.|  | |  |\   | |  |__| |     /  _____  \  |  |      |  |      |  `----.|  | |  `----. /  _____  \      |  |     |  | |  `--'  | |  |\   | 
|______/  |__| |_______||_______||__| |__| \__|  \______|    /__/     \__\ | _|      | _|      |_______||__|  \______|/__/     \__\     |__|     |__|  \______/  |__| \__| 
                                                                                                                                                                           

2025-04-26T12:59:01.797+05:30  INFO 20564 --- [BillingApplication] [           main] com.sudo.BillingApplicationTests         : Starting BillingApplicationTests using Java 21.0.6 with PID 20564 (started by GS001079283 in D:\intelj_workspace\BillingApplication)
2025-04-26T12:59:01.803+05:30  INFO 20564 --- [BillingApplication] [           main] com.sudo.BillingApplicationTests         : No active profile set, falling back to 1 default profile: "default"
2025-04-26T12:59:02.702+05:30  INFO 20564 --- [BillingApplication] [           main] .s.d.r.c.RepositoryConfigurationDelegate : Bootstrapping Spring Data JPA repositories in DEFAULT mode.
2025-04-26T12:59:02.783+05:30  INFO 20564 --- [BillingApplication] [           main] .s.d.r.c.RepositoryConfigurationDelegate : Finished Spring Data repository scanning in 70 ms. Found 3 JPA repository interfaces.
2025-04-26T12:59:03.344+05:30  INFO 20564 --- [BillingApplication] [           main] o.hibernate.jpa.internal.util.LogHelper  : HHH000204: Processing PersistenceUnitInfo [name: default]
2025-04-26T12:59:03.401+05:30  INFO 20564 --- [BillingApplication] [           main] org.hibernate.Version                    : HHH000412: Hibernate ORM core version 6.6.11.Final
2025-04-26T12:59:03.445+05:30  INFO 20564 --- [BillingApplication] [           main] o.h.c.internal.RegionFactoryInitiator    : HHH000026: Second-level cache disabled
2025-04-26T12:59:03.803+05:30  INFO 20564 --- [BillingApplication] [           main] o.s.o.j.p.SpringPersistenceUnitInfo      : No LoadTimeWeaver setup: ignoring JPA class transformer
2025-04-26T12:59:03.840+05:30  INFO 20564 --- [BillingApplication] [           main] com.zaxxer.hikari.HikariDataSource       : HikariPool-1 - Starting...
2025-04-26T12:59:04.219+05:30  INFO 20564 --- [BillingApplication] [           main] com.zaxxer.hikari.pool.HikariPool        : HikariPool-1 - Added connection com.mysql.cj.jdbc.ConnectionImpl@59f76e56
2025-04-26T12:59:04.221+05:30  INFO 20564 --- [BillingApplication] [           main] com.zaxxer.hikari.HikariDataSource       : HikariPool-1 - Start completed.
2025-04-26T12:59:04.292+05:30  INFO 20564 --- [BillingApplication] [           main] org.hibernate.orm.connections.pooling    : HHH10001005: Database info:
	Database JDBC URL [Connecting through datasource 'HikariDataSource (HikariPool-1)']
	Database driver: undefined/unknown
	Database version: 8.0.40
	Autocommit mode: undefined/unknown
	Isolation level: undefined/unknown
	Minimum pool size: undefined/unknown
	Maximum pool size: undefined/unknown
2025-04-26T12:59:05.032+05:30  INFO 20564 --- [BillingApplication] [           main] o.h.e.t.j.p.i.JtaPlatformInitiator       : HHH000489: No JTA platform available (set 'hibernate.transaction.jta.platform' to enable JTA platform integration)
2025-04-26T12:59:05.090+05:30  INFO 20564 --- [BillingApplication] [           main] j.LocalContainerEntityManagerFactoryBean : Initialized JPA EntityManagerFactory for persistence unit 'default'
2025-04-26T12:59:05.470+05:30  WARN 20564 --- [BillingApplication] [           main] JpaBaseConfiguration$JpaWebConfiguration : spring.jpa.open-in-view is enabled by default. Therefore, database queries may be performed during view rendering. Explicitly configure spring.jpa.open-in-view to disable this warning
2025-04-26T12:59:05.490+05:30  INFO 20564 --- [BillingApplication] [           main] r$InitializeUserDetailsManagerConfigurer : Global AuthenticationManager configured with UserDetailsService bean with name appUserDetailsServiceImpl
2025-04-26T12:59:06.135+05:30  INFO 20564 --- [BillingApplication] [           main] com.sudo.BillingApplicationTests         : Started BillingApplicationTests in 4.67 seconds (process running for 5.912)
]]></system-out>
    <system-err><![CDATA[Mockito is currently self-attaching to enable the inline-mock-maker. This will no longer work in future releases of the JDK. Please add Mockito as an agent to your build what is described in Mockito's documentation: https://javadoc.io/doc/org.mockito/mockito-core/latest/org/mockito/Mockito.html#0.3
WARNING: A Java agent has been loaded dynamically (C:\Users\GS001079283\.m2\repository\net\bytebuddy\byte-buddy-agent\1.15.11\byte-buddy-agent-1.15.11.jar)
WARNING: If a serviceability tool is in use, please run with -XX:+EnableDynamicAgentLoading to hide this warning
WARNING: If a serviceability tool is not in use, please run with -Djdk.instrument.traceUsage for more information
WARNING: Dynamic loading of agents will be disallowed by default in a future release
]]></system-err>
  </testcase>
</testsuite>